2014-08-17 23:09:50.573 GettingOff[98173:70b] Multi-tasking -> Device: YES, App: YES
2014-08-17 23:09:50.607 GettingOff[98173:70b] Unlimited access to network resources
2014-08-17 23:09:50.610 GettingOff[98173:70b] 

Started backup to iCloud! Please be careful.
Your application might rejected by Apple if you store too much data.
For more information please read "iOS Data Storage Guidelines"
You could find it at the following address https://developer.apple.com/icloud/documentation/data-storage/ .

2014-08-17 23:09:50.977 GettingOff[98173:70b] Resetting plugins due to page load.
2014-08-17 23:09:51.053 GettingOff[98173:70b] Finished load of: file:///Users/shawnjung/Library/Application%20Support/iPhone%20Simulator/7.1/Applications/2DD9B8A3-03FB-4EDF-9EA1-A4CF73FF3D22/GettingOff.app/www/index.html
2014-08-17 23:10:43.467 GettingOff[98320:70b] Multi-tasking -> Device: YES, App: YES
2014-08-17 23:10:43.476 GettingOff[98320:70b] Unlimited access to network resources
2014-08-17 23:10:43.479 GettingOff[98320:70b] 

Started backup to iCloud! Please be careful.
Your application might rejected by Apple if you store too much data.
For more information please read "iOS Data Storage Guidelines"
You could find it at the following address https://developer.apple.com/icloud/documentation/data-storage/ .

2014-08-17 23:10:43.586 GettingOff[98320:70b] Resetting plugins due to page load.
2014-08-17 23:10:43.670 GettingOff[98320:70b] Finished load of: file:///Users/shawnjung/Library/Application%20Support/iPhone%20Simulator/7.1/Applications/2DD9B8A3-03FB-4EDF-9EA1-A4CF73FF3D22/GettingOff.app/www/index.html
Terminating in response to SpringBoard's termination.
2014-08-17 23:12:27.712 GettingOff[98484:70b] Multi-tasking -> Device: YES, App: YES
2014-08-17 23:12:27.720 GettingOff[98484:70b] Unlimited access to network resources
2014-08-17 23:12:27.723 GettingOff[98484:70b] 

Started backup to iCloud! Please be careful.
Your application might rejected by Apple if you store too much data.
For more information please read "iOS Data Storage Guidelines"
You could find it at the following address https://developer.apple.com/icloud/documentation/data-storage/ .

2014-08-17 23:12:27.830 GettingOff[98484:70b] Resetting plugins due to page load.
2014-08-17 23:12:27.887 GettingOff[98484:70b] Finished load of: file:///Users/shawnjung/Library/Application%20Support/iPhone%20Simulator/7.1/Applications/2DD9B8A3-03FB-4EDF-9EA1-A4CF73FF3D22/GettingOff.app/www/index.html
2014-08-19 12:34:57.532 GettingOff[23624:70b] Multi-tasking -> Device: YES, App: YES
2014-08-19 12:34:57.551 GettingOff[23624:70b] Unlimited access to network resources
2014-08-19 12:34:57.554 GettingOff[23624:70b] 

Started backup to iCloud! Please be careful.
Your application might rejected by Apple if you store too much data.
For more information please read "iOS Data Storage Guidelines"
You could find it at the following address https://developer.apple.com/icloud/documentation/data-storage/ .

2014-08-19 12:34:57.789 GettingOff[23624:70b] Resetting plugins due to page load.
2014-08-19 12:34:57.864 GettingOff[23624:70b] Finished load of: file:///Users/chrispalmer/Library/Application%20Support/iPhone%20Simulator/7.1/Applications/68DB9E7F-4FA1-452D-8BFF-EA7B836CBAAD/GettingOff.app/www/index.html
2014-08-19 12:43:34.336 GettingOff[25732:70b] Multi-tasking -> Device: YES, App: YES
2014-08-19 12:43:34.342 GettingOff[25732:70b] Unlimited access to network resources
2014-08-19 12:43:34.344 GettingOff[25732:70b] 

Started backup to iCloud! Please be careful.
Your application might rejected by Apple if you store too much data.
For more information please read "iOS Data Storage Guidelines"
You could find it at the following address https://developer.apple.com/icloud/documentation/data-storage/ .

2014-08-19 12:43:34.439 GettingOff[25732:70b] Resetting plugins due to page load.
2014-08-19 12:43:37.623 GettingOff[25732:70b] Finished load of: file:///Users/chrispalmer/Library/Application%20Support/iPhone%20Simulator/7.1/Applications/68DB9E7F-4FA1-452D-8BFF-EA7B836CBAAD/GettingOff.app/www/index.html
2014-08-19 14:28:11.661 GettingOff[26327:70b] Multi-tasking -> Device: YES, App: YES
2014-08-19 14:28:11.675 GettingOff[26327:70b] Unlimited access to network resources
2014-08-19 14:28:11.677 GettingOff[26327:70b] 

Started backup to iCloud! Please be careful.
Your application might rejected by Apple if you store too much data.
For more information please read "iOS Data Storage Guidelines"
You could find it at the following address https://developer.apple.com/icloud/documentation/data-storage/ .

2014-08-19 14:28:11.758 GettingOff[26327:70b] Resetting plugins due to page load.
2014-08-19 14:28:11.814 GettingOff[26327:70b] Finished load of: file:///Users/chrispalmer/Library/Application%20Support/iPhone%20Simulator/7.1/Applications/68DB9E7F-4FA1-452D-8BFF-EA7B836CBAAD/GettingOff.app/www/index.html
2014-08-19 14:52:11.502 GettingOff[27456:70b] Multi-tasking -> Device: YES, App: YES
2014-08-19 14:52:11.507 GettingOff[27456:70b] Unlimited access to network resources
2014-08-19 14:52:11.509 GettingOff[27456:70b] 

Started backup to iCloud! Please be careful.
Your application might rejected by Apple if you store too much data.
For more information please read "iOS Data Storage Guidelines"
You could find it at the following address https://developer.apple.com/icloud/documentation/data-storage/ .

2014-08-19 14:52:11.552 GettingOff[27456:70b] Resetting plugins due to page load.
2014-08-19 14:52:11.596 GettingOff[27456:70b] Finished load of: file:///Users/chrispalmer/Library/Application%20Support/iPhone%20Simulator/7.1/Applications/68DB9E7F-4FA1-452D-8BFF-EA7B836CBAAD/GettingOff.app/www/index.html
2014-08-19 14:52:29.650 GettingOff[27585:70b] Multi-tasking -> Device: YES, App: YES
2014-08-19 14:52:29.657 GettingOff[27585:70b] Unlimited access to network resources
2014-08-19 14:52:29.659 GettingOff[27585:70b] 

Started backup to iCloud! Please be careful.
Your application might rejected by Apple if you store too much data.
For more information please read "iOS Data Storage Guidelines"
You could find it at the following address https://developer.apple.com/icloud/documentation/data-storage/ .

2014-08-19 14:52:29.734 GettingOff[27585:70b] Resetting plugins due to page load.
2014-08-19 14:52:29.780 GettingOff[27585:70b] Finished load of: file:///Users/chrispalmer/Library/Application%20Support/iPhone%20Simulator/7.1/Applications/68DB9E7F-4FA1-452D-8BFF-EA7B836CBAAD/GettingOff.app/www/index.html
2014-08-19 14:52:53.464 GettingOff[27719:70b] Multi-tasking -> Device: YES, App: YES
2014-08-19 14:52:53.470 GettingOff[27719:70b] Unlimited access to network resources
2014-08-19 14:52:53.472 GettingOff[27719:70b] 

Started backup to iCloud! Please be careful.
Your application might rejected by Apple if you store too much data.
For more information please read "iOS Data Storage Guidelines"
You could find it at the following address https://developer.apple.com/icloud/documentation/data-storage/ .

2014-08-19 14:52:53.510 GettingOff[27719:70b] Resetting plugins due to page load.
2014-08-19 14:52:53.551 GettingOff[27719:70b] Finished load of: file:///Users/chrispalmer/Library/Application%20Support/iPhone%20Simulator/7.1/Applications/68DB9E7F-4FA1-452D-8BFF-EA7B836CBAAD/GettingOff.app/www/index.html
2014-08-19 14:53:03.768 GettingOff[27870:70b] Multi-tasking -> Device: YES, App: YES
2014-08-19 14:53:03.774 GettingOff[27870:70b] Unlimited access to network resources
2014-08-19 14:53:03.776 GettingOff[27870:70b] 

Started backup to iCloud! Please be careful.
Your application might rejected by Apple if you store too much data.
For more information please read "iOS Data Storage Guidelines"
You could find it at the following address https://developer.apple.com/icloud/documentation/data-storage/ .

2014-08-19 14:53:03.844 GettingOff[27870:70b] Resetting plugins due to page load.
2014-08-19 14:53:03.898 GettingOff[27870:70b] Finished load of: file:///Users/chrispalmer/Library/Application%20Support/iPhone%20Simulator/7.1/Applications/68DB9E7F-4FA1-452D-8BFF-EA7B836CBAAD/GettingOff.app/www/index.html
2014-08-19 14:56:46.806 GettingOff[28076:70b] Multi-tasking -> Device: YES, App: YES
2014-08-19 14:56:46.811 GettingOff[28076:70b] Unlimited access to network resources
2014-08-19 14:56:46.813 GettingOff[28076:70b] 

Started backup to iCloud! Please be careful.
Your application might rejected by Apple if you store too much data.
For more information please read "iOS Data Storage Guidelines"
You could find it at the following address https://developer.apple.com/icloud/documentation/data-storage/ .

2014-08-19 14:56:46.852 GettingOff[28076:70b] Resetting plugins due to page load.
2014-08-19 14:56:46.891 GettingOff[28076:70b] Finished load of: file:///Users/chrispalmer/Library/Application%20Support/iPhone%20Simulator/7.1/Applications/68DB9E7F-4FA1-452D-8BFF-EA7B836CBAAD/GettingOff.app/www/index.html
2014-08-19 14:57:04.364 GettingOff[28204:70b] Multi-tasking -> Device: YES, App: YES
2014-08-19 14:57:04.369 GettingOff[28204:70b] Unlimited access to network resources
2014-08-19 14:57:04.371 GettingOff[28204:70b] 

Started backup to iCloud! Please be careful.
Your application might rejected by Apple if you store too much data.
For more information please read "iOS Data Storage Guidelines"
You could find it at the following address https://developer.apple.com/icloud/documentation/data-storage/ .

2014-08-19 14:57:04.436 GettingOff[28204:70b] Resetting plugins due to page load.
2014-08-19 14:57:04.495 GettingOff[28204:70b] Finished load of: file:///Users/chrispalmer/Library/Application%20Support/iPhone%20Simulator/7.1/Applications/68DB9E7F-4FA1-452D-8BFF-EA7B836CBAAD/GettingOff.app/www/index.html
2014-08-19 14:57:35.239 GettingOff[28204:70b] Resetting plugins due to page load.
2014-08-19 14:57:35.284 GettingOff[28204:70b] Finished load of: file:///Users/chrispalmer/Library/Application%20Support/iPhone%20Simulator/7.1/Applications/68DB9E7F-4FA1-452D-8BFF-EA7B836CBAAD/GettingOff.app/www/index.html
2014-08-19 14:58:40.119 GettingOff[28204:70b] Resetting plugins due to page load.
2014-08-19 14:58:40.162 GettingOff[28204:70b] Finished load of: file:///Users/chrispalmer/Library/Application%20Support/iPhone%20Simulator/7.1/Applications/68DB9E7F-4FA1-452D-8BFF-EA7B836CBAAD/GettingOff.app/www/index.html
2014-08-19 14:58:41.320 GettingOff[28204:70b] Resetting plugins due to page load.
2014-08-19 14:58:41.359 GettingOff[28204:70b] Finished load of: file:///Users/chrispalmer/Library/Application%20Support/iPhone%20Simulator/7.1/Applications/68DB9E7F-4FA1-452D-8BFF-EA7B836CBAAD/GettingOff.app/www/index.html
2014-08-19 14:58:41.800 GettingOff[28204:70b] Resetting plugins due to page load.
2014-08-19 14:58:41.838 GettingOff[28204:70b] Finished load of: file:///Users/chrispalmer/Library/Application%20Support/iPhone%20Simulator/7.1/Applications/68DB9E7F-4FA1-452D-8BFF-EA7B836CBAAD/GettingOff.app/www/index.html
2014-08-19 14:58:43.303 GettingOff[28204:70b] Resetting plugins due to page load.
2014-08-19 14:58:43.342 GettingOff[28204:70b] Finished load of: file:///Users/chrispalmer/Library/Application%20Support/iPhone%20Simulator/7.1/Applications/68DB9E7F-4FA1-452D-8BFF-EA7B836CBAAD/GettingOff.app/www/index.html
2014-08-19 15:03:21.394 GettingOff[28436:70b] Multi-tasking -> Device: YES, App: YES
2014-08-19 15:03:21.402 GettingOff[28436:70b] Unlimited access to network resources
2014-08-19 15:03:21.404 GettingOff[28436:70b] 

Started backup to iCloud! Please be careful.
Your application might rejected by Apple if you store too much data.
For more information please read "iOS Data Storage Guidelines"
You could find it at the following address https://developer.apple.com/icloud/documentation/data-storage/ .

2014-08-19 15:03:21.489 GettingOff[28436:70b] Resetting plugins due to page load.
2014-08-19 15:03:21.558 GettingOff[28436:70b] Finished load of: file:///Users/chrispalmer/Library/Application%20Support/iPhone%20Simulator/7.1/Applications/68DB9E7F-4FA1-452D-8BFF-EA7B836CBAAD/GettingOff.app/www/index.html
2014-08-19 15:03:21.628 GettingOff[28436:70b] THREAD WARNING: ['Notification'] took '51.885986' ms. Plugin should use a background thread.
2014-08-19 15:26:19.506 GettingOff[28834:70b] Multi-tasking -> Device: YES, App: YES
2014-08-19 15:26:19.513 GettingOff[28834:70b] Unlimited access to network resources
2014-08-19 15:26:19.516 GettingOff[28834:70b] 

Started backup to iCloud! Please be careful.
Your application might rejected by Apple if you store too much data.
For more information please read "iOS Data Storage Guidelines"
You could find it at the following address https://developer.apple.com/icloud/documentation/data-storage/ .

2014-08-19 15:26:19.615 GettingOff[28834:70b] Resetting plugins due to page load.
2014-08-19 15:26:19.670 GettingOff[28834:70b] Finished load of: file:///Users/chrispalmer/Library/Application%20Support/iPhone%20Simulator/7.1/Applications/68DB9E7F-4FA1-452D-8BFF-EA7B836CBAAD/GettingOff.app/www/index.html
2014-08-19 15:39:02.683 GettingOff[29072:70b] Multi-tasking -> Device: YES, App: YES
2014-08-19 15:39:02.689 GettingOff[29072:70b] Unlimited access to network resources
2014-08-19 15:39:02.690 GettingOff[29072:70b] 

Started backup to iCloud! Please be careful.
Your application might rejected by Apple if you store too much data.
For more information please read "iOS Data Storage Guidelines"
You could find it at the following address https://developer.apple.com/icloud/documentation/data-storage/ .

2014-08-19 15:39:02.729 GettingOff[29072:70b] Resetting plugins due to page load.
2014-08-19 15:39:10.306 GettingOff[29176:70b] Multi-tasking -> Device: YES, App: YES
2014-08-19 15:39:10.311 GettingOff[29176:70b] Unlimited access to network resources
2014-08-19 15:39:10.313 GettingOff[29176:70b] 

Started backup to iCloud! Please be careful.
Your application might rejected by Apple if you store too much data.
For more information please read "iOS Data Storage Guidelines"
You could find it at the following address https://developer.apple.com/icloud/documentation/data-storage/ .

2014-08-19 15:39:10.351 GettingOff[29176:70b] Resetting plugins due to page load.
2014-08-19 16:58:18.138 GettingOff[30007:70b] Multi-tasking -> Device: YES, App: YES
2014-08-19 16:58:18.156 GettingOff[30007:70b] Unlimited access to network resources
2014-08-19 16:58:18.159 GettingOff[30007:70b] 

Started backup to iCloud! Please be careful.
Your application might rejected by Apple if you store too much data.
For more information please read "iOS Data Storage Guidelines"
You could find it at the following address https://developer.apple.com/icloud/documentation/data-storage/ .

2014-08-19 16:58:18.364 GettingOff[30007:70b] Resetting plugins due to page load.
2014-08-19 16:58:20.262 GettingOff[30007:70b] Finished load of: file:///Users/chrispalmer/Library/Application%20Support/iPhone%20Simulator/7.1/Applications/68DB9E7F-4FA1-452D-8BFF-EA7B836CBAAD/GettingOff.app/www/index.html
2014-08-19 17:13:26.326 GettingOff[30290:70b] Multi-tasking -> Device: YES, App: YES
2014-08-19 17:13:26.331 GettingOff[30290:70b] Unlimited access to network resources
2014-08-19 17:13:26.333 GettingOff[30290:70b] 

Started backup to iCloud! Please be careful.
Your application might rejected by Apple if you store too much data.
For more information please read "iOS Data Storage Guidelines"
You could find it at the following address https://developer.apple.com/icloud/documentation/data-storage/ .

2014-08-19 17:13:26.373 GettingOff[30290:70b] Resetting plugins due to page load.
2014-08-19 17:13:38.017 GettingOff[30395:70b] Multi-tasking -> Device: YES, App: YES
2014-08-19 17:13:38.022 GettingOff[30395:70b] Unlimited access to network resources
2014-08-19 17:13:38.024 GettingOff[30395:70b] 

Started backup to iCloud! Please be careful.
Your application might rejected by Apple if you store too much data.
For more information please read "iOS Data Storage Guidelines"
You could find it at the following address https://developer.apple.com/icloud/documentation/data-storage/ .

2014-08-19 17:13:38.062 GettingOff[30395:70b] Resetting plugins due to page load.
2014-08-19 17:26:44.351 GettingOff[30741:70b] Multi-tasking -> Device: YES, App: YES
2014-08-19 17:26:44.356 GettingOff[30741:70b] Unlimited access to network resources
2014-08-19 17:26:44.358 GettingOff[30741:70b] 

Started backup to iCloud! Please be careful.
Your application might rejected by Apple if you store too much data.
For more information please read "iOS Data Storage Guidelines"
You could find it at the following address https://developer.apple.com/icloud/documentation/data-storage/ .

2014-08-19 17:26:44.397 GettingOff[30741:70b] Resetting plugins due to page load.
2014-08-19 17:26:56.563 GettingOff[30846:70b] Multi-tasking -> Device: YES, App: YES
2014-08-19 17:26:56.568 GettingOff[30846:70b] Unlimited access to network resources
2014-08-19 17:26:56.570 GettingOff[30846:70b] 

Started backup to iCloud! Please be careful.
Your application might rejected by Apple if you store too much data.
For more information please read "iOS Data Storage Guidelines"
You could find it at the following address https://developer.apple.com/icloud/documentation/data-storage/ .

2014-08-19 17:26:56.611 GettingOff[30846:70b] Resetting plugins due to page load.
2014-08-19 17:27:57.182 GettingOff[30846:3f03] void SendDelegateMessage(NSInvocation *): delegate (webView:runJavaScriptAlertPanelWithMessage:initiatedByFrame:) failed to return after waiting 10 seconds. main run loop mode: kCFRunLoopDefaultMode
2014-08-19 17:27:57.194 GettingOff[30846:70b] Finished load of: file:///Users/chrispalmer/Library/Application%20Support/iPhone%20Simulator/7.1/Applications/68DB9E7F-4FA1-452D-8BFF-EA7B836CBAAD/GettingOff.app/www/index.html
2014-08-19 17:47:25.719 GettingOff[31037:70b] Multi-tasking -> Device: YES, App: YES
2014-08-19 17:47:25.724 GettingOff[31037:70b] Unlimited access to network resources
2014-08-19 17:47:25.726 GettingOff[31037:70b] 

Started backup to iCloud! Please be careful.
Your application might rejected by Apple if you store too much data.
For more information please read "iOS Data Storage Guidelines"
You could find it at the following address https://developer.apple.com/icloud/documentation/data-storage/ .

2014-08-19 17:47:25.767 GettingOff[31037:70b] Resetting plugins due to page load.
2014-08-19 19:47:36.211 GettingOff[31326:70b] Multi-tasking -> Device: YES, App: YES
2014-08-19 19:47:36.219 GettingOff[31326:70b] Unlimited access to network resources
2014-08-19 19:47:36.222 GettingOff[31326:70b] 

Started backup to iCloud! Please be careful.
Your application might rejected by Apple if you store too much data.
For more information please read "iOS Data Storage Guidelines"
You could find it at the following address https://developer.apple.com/icloud/documentation/data-storage/ .

2014-08-19 19:47:36.305 GettingOff[31326:70b] Resetting plugins due to page load.
2014-08-19 19:47:41.100 GettingOff[31326:70b] Finished load of: file:///Users/chrispalmer/Library/Application%20Support/iPhone%20Simulator/7.1/Applications/68DB9E7F-4FA1-452D-8BFF-EA7B836CBAAD/GettingOff.app/www/index.html
2014-08-20 08:25:27.936 GettingOff[32621:70b] Multi-tasking -> Device: YES, App: YES
2014-08-20 08:25:27.951 GettingOff[32621:70b] Unlimited access to network resources
2014-08-20 08:25:27.953 GettingOff[32621:70b] 

Started backup to iCloud! Please be careful.
Your application might rejected by Apple if you store too much data.
For more information please read "iOS Data Storage Guidelines"
You could find it at the following address https://developer.apple.com/icloud/documentation/data-storage/ .

2014-08-20 08:25:28.165 GettingOff[32621:70b] Resetting plugins due to page load.
2014-08-20 08:25:35.427 GettingOff[32730:70b] Multi-tasking -> Device: YES, App: YES
2014-08-20 08:25:35.432 GettingOff[32730:70b] Unlimited access to network resources
2014-08-20 08:25:35.434 GettingOff[32730:70b] 

Started backup to iCloud! Please be careful.
Your application might rejected by Apple if you store too much data.
For more information please read "iOS Data Storage Guidelines"
You could find it at the following address https://developer.apple.com/icloud/documentation/data-storage/ .

2014-08-20 08:25:35.470 GettingOff[32730:70b] Resetting plugins due to page load.
2014-08-20 08:25:41.091 GettingOff[32730:70b] Finished load of: file:///Users/chrispalmer/Library/Application%20Support/iPhone%20Simulator/7.1/Applications/68DB9E7F-4FA1-452D-8BFF-EA7B836CBAAD/GettingOff.app/www/index.html
2014-08-20 08:29:40.667 GettingOff[32859:70b] Multi-tasking -> Device: YES, App: YES
2014-08-20 08:29:40.672 GettingOff[32859:70b] Unlimited access to network resources
2014-08-20 08:29:40.674 GettingOff[32859:70b] 

Started backup to iCloud! Please be careful.
Your application might rejected by Apple if you store too much data.
For more information please read "iOS Data Storage Guidelines"
You could find it at the following address https://developer.apple.com/icloud/documentation/data-storage/ .

2014-08-20 08:29:40.712 GettingOff[32859:70b] Resetting plugins due to page load.
2014-08-20 08:29:46.055 GettingOff[32859:70b] Finished load of: file:///Users/chrispalmer/Library/Application%20Support/iPhone%20Simulator/7.1/Applications/68DB9E7F-4FA1-452D-8BFF-EA7B836CBAAD/GettingOff.app/www/index.html
2014-08-20 08:30:03.093 GettingOff[32968:70b] Multi-tasking -> Device: YES, App: YES
2014-08-20 08:30:03.098 GettingOff[32968:70b] Unlimited access to network resources
2014-08-20 08:30:03.100 GettingOff[32968:70b] 

Started backup to iCloud! Please be careful.
Your application might rejected by Apple if you store too much data.
For more information please read "iOS Data Storage Guidelines"
You could find it at the following address https://developer.apple.com/icloud/documentation/data-storage/ .

2014-08-20 08:30:03.137 GettingOff[32968:70b] Resetting plugins due to page load.
2014-08-20 08:30:15.700 GettingOff[33127:70b] Multi-tasking -> Device: YES, App: YES
2014-08-20 08:30:15.705 GettingOff[33127:70b] Unlimited access to network resources
2014-08-20 08:30:15.707 GettingOff[33127:70b] 

Started backup to iCloud! Please be careful.
Your application might rejected by Apple if you store too much data.
For more information please read "iOS Data Storage Guidelines"
You could find it at the following address https://developer.apple.com/icloud/documentation/data-storage/ .

2014-08-20 08:30:15.744 GettingOff[33127:70b] Resetting plugins due to page load.
2014-08-20 08:30:22.087 GettingOff[33127:70b] Finished load of: file:///Users/chrispalmer/Library/Application%20Support/iPhone%20Simulator/7.1/Applications/68DB9E7F-4FA1-452D-8BFF-EA7B836CBAAD/GettingOff.app/www/index.html
2014-08-20 08:30:40.029 GettingOff[33264:70b] Multi-tasking -> Device: YES, App: YES
2014-08-20 08:30:40.037 GettingOff[33264:70b] Unlimited access to network resources
2014-08-20 08:30:40.040 GettingOff[33264:70b] 

Started backup to iCloud! Please be careful.
Your application might rejected by Apple if you store too much data.
For more information please read "iOS Data Storage Guidelines"
You could find it at the following address https://developer.apple.com/icloud/documentation/data-storage/ .

2014-08-20 08:30:40.139 GettingOff[33264:70b] Resetting plugins due to page load.
2014-08-20 08:30:45.877 GettingOff[33264:70b] Finished load of: file:///Users/chrispalmer/Library/Application%20Support/iPhone%20Simulator/7.1/Applications/68DB9E7F-4FA1-452D-8BFF-EA7B836CBAAD/GettingOff.app/www/index.html
2014-08-20 10:30:44.687 GettingOff[33591:70b] Multi-tasking -> Device: YES, App: YES
2014-08-20 10:30:44.692 GettingOff[33591:70b] Unlimited access to network resources
2014-08-20 10:30:44.694 GettingOff[33591:70b] 

Started backup to iCloud! Please be careful.
Your application might rejected by Apple if you store too much data.
For more information please read "iOS Data Storage Guidelines"
You could find it at the following address https://developer.apple.com/icloud/documentation/data-storage/ .

2014-08-20 10:30:44.734 GettingOff[33591:70b] Resetting plugins due to page load.
2014-08-20 10:30:49.701 GettingOff[33591:70b] Finished load of: file:///Users/chrispalmer/Library/Application%20Support/iPhone%20Simulator/7.1/Applications/68DB9E7F-4FA1-452D-8BFF-EA7B836CBAAD/GettingOff.app/www/index.html
2014-08-20 10:32:24.594 GettingOff[33814:70b] Multi-tasking -> Device: YES, App: YES
2014-08-20 10:32:24.599 GettingOff[33814:70b] Unlimited access to network resources
2014-08-20 10:32:24.601 GettingOff[33814:70b] 

Started backup to iCloud! Please be careful.
Your application might rejected by Apple if you store too much data.
For more information please read "iOS Data Storage Guidelines"
You could find it at the following address https://developer.apple.com/icloud/documentation/data-storage/ .

2014-08-20 10:32:24.639 GettingOff[33814:70b] Resetting plugins due to page load.
2014-08-20 10:32:29.100 GettingOff[33814:70b] Finished load of: file:///Users/chrispalmer/Library/Application%20Support/iPhone%20Simulator/7.1/Applications/68DB9E7F-4FA1-452D-8BFF-EA7B836CBAAD/GettingOff.app/www/index.html
2014-08-20 10:33:20.414 GettingOff[33978:70b] Multi-tasking -> Device: YES, App: YES
2014-08-20 10:33:20.419 GettingOff[33978:70b] Unlimited access to network resources
2014-08-20 10:33:20.421 GettingOff[33978:70b] 

Started backup to iCloud! Please be careful.
Your application might rejected by Apple if you store too much data.
For more information please read "iOS Data Storage Guidelines"
You could find it at the following address https://developer.apple.com/icloud/documentation/data-storage/ .

2014-08-20 10:33:20.459 GettingOff[33978:70b] Resetting plugins due to page load.
2014-08-20 10:33:24.815 GettingOff[33978:70b] Finished load of: file:///Users/chrispalmer/Library/Application%20Support/iPhone%20Simulator/7.1/Applications/68DB9E7F-4FA1-452D-8BFF-EA7B836CBAAD/GettingOff.app/www/index.html
2014-08-20 10:33:47.465 GettingOff[34138:70b] Multi-tasking -> Device: YES, App: YES
2014-08-20 10:33:47.470 GettingOff[34138:70b] Unlimited access to network resources
2014-08-20 10:33:47.472 GettingOff[34138:70b] 

Started backup to iCloud! Please be careful.
Your application might rejected by Apple if you store too much data.
For more information please read "iOS Data Storage Guidelines"
You could find it at the following address https://developer.apple.com/icloud/documentation/data-storage/ .

2014-08-20 10:33:47.510 GettingOff[34138:70b] Resetting plugins due to page load.
2014-08-20 10:33:52.324 GettingOff[34138:70b] Finished load of: file:///Users/chrispalmer/Library/Application%20Support/iPhone%20Simulator/7.1/Applications/68DB9E7F-4FA1-452D-8BFF-EA7B836CBAAD/GettingOff.app/www/index.html
2014-08-20 10:35:01.433 GettingOff[34306:70b] Multi-tasking -> Device: YES, App: YES
2014-08-20 10:35:01.438 GettingOff[34306:70b] Unlimited access to network resources
2014-08-20 10:35:01.440 GettingOff[34306:70b] 

Started backup to iCloud! Please be careful.
Your application might rejected by Apple if you store too much data.
For more information please read "iOS Data Storage Guidelines"
You could find it at the following address https://developer.apple.com/icloud/documentation/data-storage/ .

2014-08-20 10:35:01.478 GettingOff[34306:70b] Resetting plugins due to page load.
2014-08-20 10:35:05.643 GettingOff[34306:70b] Finished load of: file:///Users/chrispalmer/Library/Application%20Support/iPhone%20Simulator/7.1/Applications/68DB9E7F-4FA1-452D-8BFF-EA7B836CBAAD/GettingOff.app/www/index.html
2014-08-22 17:25:05.655 GettingOff[44254:70b] Multi-tasking -> Device: YES, App: YES
2014-08-22 17:25:05.678 GettingOff[44254:70b] Unlimited access to network resources
2014-08-22 17:25:05.686 GettingOff[44254:70b] 

Started backup to iCloud! Please be careful.
Your application might rejected by Apple if you store too much data.
For more information please read "iOS Data Storage Guidelines"
You could find it at the following address https://developer.apple.com/icloud/documentation/data-storage/ .

2014-09-12 15:02:33.638 GettingOff[42701:70b] Multi-tasking -> Device: YES, App: YES
2014-09-12 15:02:33.662 GettingOff[42701:70b] Unlimited access to network resources
2014-09-12 15:02:33.669 GettingOff[42701:70b] 

Started backup to iCloud! Please be careful.
Your application might rejected by Apple if you store too much data.
For more information please read "iOS Data Storage Guidelines"
You could find it at the following address https://developer.apple.com/icloud/documentation/data-storage/ .

2014-09-12 15:02:34.004 GettingOff[42701:70b] Resetting plugins due to page load.
2014-09-12 15:02:34.205 GettingOff[42701:70b] Finished load of: file:///Users/chrispalmer/Library/Application%20Support/iPhone%20Simulator/7.1/Applications/68DB9E7F-4FA1-452D-8BFF-EA7B836CBAAD/GettingOff.app/www/index.html
2014-09-22 10:02:20.877 GettingOff[12537:70b] Multi-tasking -> Device: YES, App: YES
2014-09-22 10:02:20.896 GettingOff[12537:70b] Unlimited access to network resources
2014-09-22 10:02:20.899 GettingOff[12537:70b] 

Started backup to iCloud! Please be careful.
Your application might rejected by Apple if you store too much data.
For more information please read "iOS Data Storage Guidelines"
You could find it at the following address https://developer.apple.com/icloud/documentation/data-storage/ .

2014-09-22 10:02:21.272 GettingOff[12537:70b] Resetting plugins due to page load.
2014-09-22 10:02:21.485 GettingOff[12537:70b] Finished load of: file:///Users/chrispalmer/Library/Application%20Support/iPhone%20Simulator/7.1/Applications/68DB9E7F-4FA1-452D-8BFF-EA7B836CBAAD/GettingOff.app/www/index.html
2014-09-22 10:04:37.678 GettingOff[12770:70b] Multi-tasking -> Device: YES, App: YES
2014-09-22 10:04:37.685 GettingOff[12770:70b] Unlimited access to network resources
2014-09-22 10:04:37.687 GettingOff[12770:70b] 

Started backup to iCloud! Please be careful.
Your application might rejected by Apple if you store too much data.
For more information please read "iOS Data Storage Guidelines"
You could find it at the following address https://developer.apple.com/icloud/documentation/data-storage/ .

2014-09-22 10:04:37.772 GettingOff[12770:70b] Resetting plugins due to page load.
2014-09-22 10:04:37.922 GettingOff[12770:70b] Finished load of: file:///Users/chrispalmer/Library/Application%20Support/iPhone%20Simulator/7.1/Applications/68DB9E7F-4FA1-452D-8BFF-EA7B836CBAAD/GettingOff.app/www/index.html
2014-09-22 10:05:51.457 GettingOff[13000:70b] Multi-tasking -> Device: YES, App: YES
2014-09-22 10:05:51.462 GettingOff[13000:70b] Unlimited access to network resources
2014-09-22 10:05:51.464 GettingOff[13000:70b] 

Started backup to iCloud! Please be careful.
Your application might rejected by Apple if you store too much data.
For more information please read "iOS Data Storage Guidelines"
You could find it at the following address https://developer.apple.com/icloud/documentation/data-storage/ .

2014-09-22 10:05:51.536 GettingOff[13000:70b] Resetting plugins due to page load.
2014-09-22 10:05:52.167 GettingOff[13000:70b] Finished load of: file:///Users/chrispalmer/Library/Application%20Support/iPhone%20Simulator/7.1/Applications/68DB9E7F-4FA1-452D-8BFF-EA7B836CBAAD/GettingOff.app/www/index.html
2014-09-22 10:06:13.655 GettingOff[13198:70b] Multi-tasking -> Device: YES, App: YES
2014-09-22 10:06:13.660 GettingOff[13198:70b] Unlimited access to network resources
2014-09-22 10:06:13.661 GettingOff[13198:70b] 

Started backup to iCloud! Please be careful.
Your application might rejected by Apple if you store too much data.
For more information please read "iOS Data Storage Guidelines"
You could find it at the following address https://developer.apple.com/icloud/documentation/data-storage/ .

2014-09-22 10:06:13.700 GettingOff[13198:70b] Resetting plugins due to page load.
2014-09-22 10:06:13.844 GettingOff[13198:70b] Finished load of: file:///Users/chrispalmer/Library/Application%20Support/iPhone%20Simulator/7.1/Applications/68DB9E7F-4FA1-452D-8BFF-EA7B836CBAAD/GettingOff.app/www/index.html
2014-09-22 10:06:52.986 GettingOff[13478:70b] Multi-tasking -> Device: YES, App: YES
2014-09-22 10:06:52.991 GettingOff[13478:70b] Unlimited access to network resources
2014-09-22 10:06:52.993 GettingOff[13478:70b] 

Started backup to iCloud! Please be careful.
Your application might rejected by Apple if you store too much data.
For more information please read "iOS Data Storage Guidelines"
You could find it at the following address https://developer.apple.com/icloud/documentation/data-storage/ .

2014-09-22 10:06:53.031 GettingOff[13478:70b] Resetting plugins due to page load.
2014-09-22 10:06:53.186 GettingOff[13478:70b] Finished load of: file:///Users/chrispalmer/Library/Application%20Support/iPhone%20Simulator/7.1/Applications/68DB9E7F-4FA1-452D-8BFF-EA7B836CBAAD/GettingOff.app/www/index.html
2014-09-22 10:11:46.771 GettingOff[13779:70b] Multi-tasking -> Device: YES, App: YES
2014-09-22 10:11:46.776 GettingOff[13779:70b] Unlimited access to network resources
2014-09-22 10:11:46.778 GettingOff[13779:70b] 

Started backup to iCloud! Please be careful.
Your application might rejected by Apple if you store too much data.
For more information please read "iOS Data Storage Guidelines"
You could find it at the following address https://developer.apple.com/icloud/documentation/data-storage/ .

2014-09-22 10:11:46.817 GettingOff[13779:70b] Resetting plugins due to page load.
2014-09-22 10:11:46.959 GettingOff[13779:70b] Finished load of: file:///Users/chrispalmer/Library/Application%20Support/iPhone%20Simulator/7.1/Applications/68DB9E7F-4FA1-452D-8BFF-EA7B836CBAAD/GettingOff.app/www/index.html
2014-09-22 10:12:37.002 GettingOff[14137:70b] Multi-tasking -> Device: YES, App: YES
2014-09-22 10:12:37.008 GettingOff[14137:70b] Unlimited access to network resources
2014-09-22 10:12:37.009 GettingOff[14137:70b] 

Started backup to iCloud! Please be careful.
Your application might rejected by Apple if you store too much data.
For more information please read "iOS Data Storage Guidelines"
You could find it at the following address https://developer.apple.com/icloud/documentation/data-storage/ .

2014-09-22 10:12:37.082 GettingOff[14137:70b] Resetting plugins due to page load.
2014-09-22 10:12:37.249 GettingOff[14137:70b] Finished load of: file:///Users/chrispalmer/Library/Application%20Support/iPhone%20Simulator/7.1/Applications/68DB9E7F-4FA1-452D-8BFF-EA7B836CBAAD/GettingOff.app/www/index.html
2014-09-22 10:20:35.100 GettingOff[14521:70b] Multi-tasking -> Device: YES, App: YES
2014-09-22 10:20:35.105 GettingOff[14521:70b] Unlimited access to network resources
2014-09-22 10:20:35.107 GettingOff[14521:70b] 

Started backup to iCloud! Please be careful.
Your application might rejected by Apple if you store too much data.
For more information please read "iOS Data Storage Guidelines"
You could find it at the following address https://developer.apple.com/icloud/documentation/data-storage/ .

2014-09-22 10:20:35.150 GettingOff[14521:70b] Resetting plugins due to page load.
2014-09-22 10:20:35.287 GettingOff[14521:70b] Finished load of: file:///Users/chrispalmer/Library/Application%20Support/iPhone%20Simulator/7.1/Applications/68DB9E7F-4FA1-452D-8BFF-EA7B836CBAAD/GettingOff.app/www/index.html
2014-09-22 10:23:46.979 GettingOff[14910:70b] Multi-tasking -> Device: YES, App: YES
2014-09-22 10:23:46.984 GettingOff[14910:70b] Unlimited access to network resources
2014-09-22 10:23:46.986 GettingOff[14910:70b] 

Started backup to iCloud! Please be careful.
Your application might rejected by Apple if you store too much data.
For more information please read "iOS Data Storage Guidelines"
You could find it at the following address https://developer.apple.com/icloud/documentation/data-storage/ .

2014-09-22 10:23:47.024 GettingOff[14910:70b] Resetting plugins due to page load.
2014-09-22 10:23:47.159 GettingOff[14910:70b] Finished load of: file:///Users/chrispalmer/Library/Application%20Support/iPhone%20Simulator/7.1/Applications/68DB9E7F-4FA1-452D-8BFF-EA7B836CBAAD/GettingOff.app/www/index.html
2014-09-22 10:33:26.631 GettingOff[15319:70b] Multi-tasking -> Device: YES, App: YES
2014-09-22 10:33:26.636 GettingOff[15319:70b] Unlimited access to network resources
2014-09-22 10:33:26.638 GettingOff[15319:70b] 

Started backup to iCloud! Please be careful.
Your application might rejected by Apple if you store too much data.
For more information please read "iOS Data Storage Guidelines"
You could find it at the following address https://developer.apple.com/icloud/documentation/data-storage/ .

2014-09-22 10:33:26.677 GettingOff[15319:70b] Resetting plugins due to page load.
2014-09-22 10:33:26.821 GettingOff[15319:70b] Finished load of: file:///Users/chrispalmer/Library/Application%20Support/iPhone%20Simulator/7.1/Applications/68DB9E7F-4FA1-452D-8BFF-EA7B836CBAAD/GettingOff.app/www/index.html
2014-09-22 10:39:34.156 GettingOff[15676:70b] Multi-tasking -> Device: YES, App: YES
2014-09-22 10:39:34.161 GettingOff[15676:70b] Unlimited access to network resources
2014-09-22 10:39:34.163 GettingOff[15676:70b] 

Started backup to iCloud! Please be careful.
Your application might rejected by Apple if you store too much data.
For more information please read "iOS Data Storage Guidelines"
You could find it at the following address https://developer.apple.com/icloud/documentation/data-storage/ .

2014-09-22 10:39:34.203 GettingOff[15676:70b] Resetting plugins due to page load.
2014-09-22 10:39:34.346 GettingOff[15676:70b] Finished load of: file:///Users/chrispalmer/Library/Application%20Support/iPhone%20Simulator/7.1/Applications/68DB9E7F-4FA1-452D-8BFF-EA7B836CBAAD/GettingOff.app/www/index.html
2014-09-22 10:41:44.239 GettingOff[16028:70b] Multi-tasking -> Device: YES, App: YES
2014-09-22 10:41:44.244 GettingOff[16028:70b] Unlimited access to network resources
2014-09-22 10:41:44.246 GettingOff[16028:70b] 

Started backup to iCloud! Please be careful.
Your application might rejected by Apple if you store too much data.
For more information please read "iOS Data Storage Guidelines"
You could find it at the following address https://developer.apple.com/icloud/documentation/data-storage/ .

2014-09-22 10:41:44.284 GettingOff[16028:70b] Resetting plugins due to page load.
2014-09-22 10:41:44.424 GettingOff[16028:70b] Finished load of: file:///Users/chrispalmer/Library/Application%20Support/iPhone%20Simulator/7.1/Applications/68DB9E7F-4FA1-452D-8BFF-EA7B836CBAAD/GettingOff.app/www/index.html
2014-09-22 10:52:14.690 GettingOff[16467:70b] Multi-tasking -> Device: YES, App: YES
2014-09-22 10:52:14.695 GettingOff[16467:70b] Unlimited access to network resources
2014-09-22 10:52:14.698 GettingOff[16467:70b] 

Started backup to iCloud! Please be careful.
Your application might rejected by Apple if you store too much data.
For more information please read "iOS Data Storage Guidelines"
You could find it at the following address https://developer.apple.com/icloud/documentation/data-storage/ .

2014-09-22 10:52:14.761 GettingOff[16467:70b] Resetting plugins due to page load.
2014-09-22 10:52:14.933 GettingOff[16467:70b] Finished load of: file:///Users/chrispalmer/Library/Application%20Support/iPhone%20Simulator/7.1/Applications/68DB9E7F-4FA1-452D-8BFF-EA7B836CBAAD/GettingOff.app/www/index.html
2014-09-22 11:17:28.979 GettingOff[16937:70b] Multi-tasking -> Device: YES, App: YES
2014-09-22 11:17:28.986 GettingOff[16937:70b] Unlimited access to network resources
2014-09-22 11:17:28.989 GettingOff[16937:70b] 

Started backup to iCloud! Please be careful.
Your application might rejected by Apple if you store too much data.
For more information please read "iOS Data Storage Guidelines"
You could find it at the following address https://developer.apple.com/icloud/documentation/data-storage/ .

2014-09-22 11:17:29.098 GettingOff[16937:70b] Resetting plugins due to page load.
2014-09-22 11:17:29.261 GettingOff[16937:70b] Finished load of: file:///Users/chrispalmer/Library/Application%20Support/iPhone%20Simulator/7.1/Applications/68DB9E7F-4FA1-452D-8BFF-EA7B836CBAAD/GettingOff.app/www/index.html
2014-09-22 11:26:46.638 GettingOff[17312:70b] Multi-tasking -> Device: YES, App: YES
2014-09-22 11:26:46.643 GettingOff[17312:70b] Unlimited access to network resources
2014-09-22 11:26:46.644 GettingOff[17312:70b] 

Started backup to iCloud! Please be careful.
Your application might rejected by Apple if you store too much data.
For more information please read "iOS Data Storage Guidelines"
You could find it at the following address https://developer.apple.com/icloud/documentation/data-storage/ .

2014-09-22 11:26:46.686 GettingOff[17312:70b] Resetting plugins due to page load.
2014-09-22 11:26:46.824 GettingOff[17312:70b] Finished load of: file:///Users/chrispalmer/Library/Application%20Support/iPhone%20Simulator/7.1/Applications/68DB9E7F-4FA1-452D-8BFF-EA7B836CBAAD/GettingOff.app/www/index.html
2014-09-22 11:28:38.079 GettingOff[17599:70b] Multi-tasking -> Device: YES, App: YES
2014-09-22 11:28:38.087 GettingOff[17599:70b] Unlimited access to network resources
2014-09-22 11:28:38.090 GettingOff[17599:70b] 

Started backup to iCloud! Please be careful.
Your application might rejected by Apple if you store too much data.
For more information please read "iOS Data Storage Guidelines"
You could find it at the following address https://developer.apple.com/icloud/documentation/data-storage/ .

2014-09-22 11:28:38.178 GettingOff[17599:70b] Resetting plugins due to page load.
2014-09-22 11:28:38.343 GettingOff[17599:70b] Finished load of: file:///Users/chrispalmer/Library/Application%20Support/iPhone%20Simulator/7.1/Applications/68DB9E7F-4FA1-452D-8BFF-EA7B836CBAAD/GettingOff.app/www/index.html
2014-09-22 11:36:19.569 GettingOff[18144:70b] Multi-tasking -> Device: YES, App: YES
2014-09-22 11:36:19.574 GettingOff[18144:70b] Unlimited access to network resources
2014-09-22 11:36:19.576 GettingOff[18144:70b] 

Started backup to iCloud! Please be careful.
Your application might rejected by Apple if you store too much data.
For more information please read "iOS Data Storage Guidelines"
You could find it at the following address https://developer.apple.com/icloud/documentation/data-storage/ .

2014-09-22 11:36:19.650 GettingOff[18144:70b] Resetting plugins due to page load.
2014-09-22 11:36:19.805 GettingOff[18144:70b] Finished load of: file:///Users/chrispalmer/Library/Application%20Support/iPhone%20Simulator/7.1/Applications/68DB9E7F-4FA1-452D-8BFF-EA7B836CBAAD/GettingOff.app/www/index.html
2014-09-22 11:37:56.162 GettingOff[18435:70b] Multi-tasking -> Device: YES, App: YES
2014-09-22 11:37:56.168 GettingOff[18435:70b] Unlimited access to network resources
2014-09-22 11:37:56.170 GettingOff[18435:70b] 

Started backup to iCloud! Please be careful.
Your application might rejected by Apple if you store too much data.
For more information please read "iOS Data Storage Guidelines"
You could find it at the following address https://developer.apple.com/icloud/documentation/data-storage/ .

2014-09-22 11:37:56.265 GettingOff[18435:70b] Resetting plugins due to page load.
2014-09-22 11:37:56.419 GettingOff[18435:70b] Finished load of: file:///Users/chrispalmer/Library/Application%20Support/iPhone%20Simulator/7.1/Applications/68DB9E7F-4FA1-452D-8BFF-EA7B836CBAAD/GettingOff.app/www/index.html
2014-09-22 11:43:15.831 GettingOff[18923:70b] Multi-tasking -> Device: YES, App: YES
2014-09-22 11:43:15.836 GettingOff[18923:70b] Unlimited access to network resources
2014-09-22 11:43:15.839 GettingOff[18923:70b] 

Started backup to iCloud! Please be careful.
Your application might rejected by Apple if you store too much data.
For more information please read "iOS Data Storage Guidelines"
You could find it at the following address https://developer.apple.com/icloud/documentation/data-storage/ .

2014-09-22 11:43:15.935 GettingOff[18923:70b] Resetting plugins due to page load.
2014-09-22 11:43:16.100 GettingOff[18923:70b] Finished load of: file:///Users/chrispalmer/Library/Application%20Support/iPhone%20Simulator/7.1/Applications/68DB9E7F-4FA1-452D-8BFF-EA7B836CBAAD/GettingOff.app/www/index.html
2014-09-22 11:49:09.981 GettingOff[19390:70b] Multi-tasking -> Device: YES, App: YES
2014-09-22 11:49:09.988 GettingOff[19390:70b] Unlimited access to network resources
2014-09-22 11:49:09.990 GettingOff[19390:70b] 

Started backup to iCloud! Please be careful.
Your application might rejected by Apple if you store too much data.
For more information please read "iOS Data Storage Guidelines"
You could find it at the following address https://developer.apple.com/icloud/documentation/data-storage/ .

2014-09-22 11:49:10.052 GettingOff[19390:70b] Resetting plugins due to page load.
2014-09-22 11:49:10.423 GettingOff[19390:70b] Finished load of: file:///Users/chrispalmer/Library/Application%20Support/iPhone%20Simulator/7.1/Applications/68DB9E7F-4FA1-452D-8BFF-EA7B836CBAAD/GettingOff.app/www/index.html
2014-09-22 13:43:32.693 GettingOff[21598:70b] Multi-tasking -> Device: YES, App: YES
2014-09-22 13:43:32.698 GettingOff[21598:70b] Unlimited access to network resources
2014-09-22 13:43:32.700 GettingOff[21598:70b] 

Started backup to iCloud! Please be careful.
Your application might rejected by Apple if you store too much data.
For more information please read "iOS Data Storage Guidelines"
You could find it at the following address https://developer.apple.com/icloud/documentation/data-storage/ .

2014-09-22 13:43:32.741 GettingOff[21598:70b] Resetting plugins due to page load.
2014-09-22 13:43:32.883 GettingOff[21598:70b] Finished load of: file:///Users/chrispalmer/Library/Application%20Support/iPhone%20Simulator/7.1/Applications/68DB9E7F-4FA1-452D-8BFF-EA7B836CBAAD/GettingOff.app/www/index.html
2014-09-22 13:49:18.395 GettingOff[21955:70b] Multi-tasking -> Device: YES, App: YES
2014-09-22 13:49:18.400 GettingOff[21955:70b] Unlimited access to network resources
2014-09-22 13:49:18.402 GettingOff[21955:70b] 

Started backup to iCloud! Please be careful.
Your application might rejected by Apple if you store too much data.
For more information please read "iOS Data Storage Guidelines"
You could find it at the following address https://developer.apple.com/icloud/documentation/data-storage/ .

2014-09-22 13:49:18.443 GettingOff[21955:70b] Resetting plugins due to page load.
2014-09-22 13:49:18.597 GettingOff[21955:70b] Finished load of: file:///Users/chrispalmer/Library/Application%20Support/iPhone%20Simulator/7.1/Applications/68DB9E7F-4FA1-452D-8BFF-EA7B836CBAAD/GettingOff.app/www/index.html
2014-09-22 13:59:26.932 GettingOff[22524:70b] Multi-tasking -> Device: YES, App: YES
2014-09-22 13:59:26.938 GettingOff[22524:70b] Unlimited access to network resources
2014-09-22 13:59:26.940 GettingOff[22524:70b] 

Started backup to iCloud! Please be careful.
Your application might rejected by Apple if you store too much data.
For more information please read "iOS Data Storage Guidelines"
You could find it at the following address https://developer.apple.com/icloud/documentation/data-storage/ .

2014-09-22 13:59:27.039 GettingOff[22524:70b] Resetting plugins due to page load.
2014-09-22 13:59:27.212 GettingOff[22524:70b] Finished load of: file:///Users/chrispalmer/Library/Application%20Support/iPhone%20Simulator/7.1/Applications/68DB9E7F-4FA1-452D-8BFF-EA7B836CBAAD/GettingOff.app/www/index.html
2014-09-22 14:01:18.195 GettingOff[22879:70b] Multi-tasking -> Device: YES, App: YES
2014-09-22 14:01:18.200 GettingOff[22879:70b] Unlimited access to network resources
2014-09-22 14:01:18.202 GettingOff[22879:70b] 

Started backup to iCloud! Please be careful.
Your application might rejected by Apple if you store too much data.
For more information please read "iOS Data Storage Guidelines"
You could find it at the following address https://developer.apple.com/icloud/documentation/data-storage/ .

2014-09-22 14:01:18.242 GettingOff[22879:70b] Resetting plugins due to page load.
2014-09-22 14:01:18.383 GettingOff[22879:70b] Finished load of: file:///Users/chrispalmer/Library/Application%20Support/iPhone%20Simulator/7.1/Applications/68DB9E7F-4FA1-452D-8BFF-EA7B836CBAAD/GettingOff.app/www/index.html
2014-09-22 14:09:52.708 GettingOff[23326:70b] Multi-tasking -> Device: YES, App: YES
2014-09-22 14:09:52.713 GettingOff[23326:70b] Unlimited access to network resources
2014-09-22 14:09:52.716 GettingOff[23326:70b] 

Started backup to iCloud! Please be careful.
Your application might rejected by Apple if you store too much data.
For more information please read "iOS Data Storage Guidelines"
You could find it at the following address https://developer.apple.com/icloud/documentation/data-storage/ .

2014-09-22 14:09:52.791 GettingOff[23326:70b] Resetting plugins due to page load.
2014-09-22 14:09:52.938 GettingOff[23326:70b] Finished load of: file:///Users/chrispalmer/Library/Application%20Support/iPhone%20Simulator/7.1/Applications/68DB9E7F-4FA1-452D-8BFF-EA7B836CBAAD/GettingOff.app/www/index.html
2014-09-22 14:14:53.764 GettingOff[23690:70b] Multi-tasking -> Device: YES, App: YES
2014-09-22 14:14:53.769 GettingOff[23690:70b] Unlimited access to network resources
2014-09-22 14:14:53.771 GettingOff[23690:70b] 

Started backup to iCloud! Please be careful.
Your application might rejected by Apple if you store too much data.
For more information please read "iOS Data Storage Guidelines"
You could find it at the following address https://developer.apple.com/icloud/documentation/data-storage/ .

2014-09-22 14:14:53.811 GettingOff[23690:70b] Resetting plugins due to page load.
2014-09-22 14:14:53.965 GettingOff[23690:70b] Finished load of: file:///Users/chrispalmer/Library/Application%20Support/iPhone%20Simulator/7.1/Applications/68DB9E7F-4FA1-452D-8BFF-EA7B836CBAAD/GettingOff.app/www/index.html
2014-09-22 14:18:36.226 GettingOff[24078:70b] Multi-tasking -> Device: YES, App: YES
2014-09-22 14:18:36.231 GettingOff[24078:70b] Unlimited access to network resources
2014-09-22 14:18:36.233 GettingOff[24078:70b] 

Started backup to iCloud! Please be careful.
Your application might rejected by Apple if you store too much data.
For more information please read "iOS Data Storage Guidelines"
You could find it at the following address https://developer.apple.com/icloud/documentation/data-storage/ .

2014-09-22 14:18:36.270 GettingOff[24078:70b] Resetting plugins due to page load.
2014-09-22 14:18:36.414 GettingOff[24078:70b] Finished load of: file:///Users/chrispalmer/Library/Application%20Support/iPhone%20Simulator/7.1/Applications/68DB9E7F-4FA1-452D-8BFF-EA7B836CBAAD/GettingOff.app/www/index.html
2014-09-22 14:21:45.589 GettingOff[24372:70b] Multi-tasking -> Device: YES, App: YES
2014-09-22 14:21:45.594 GettingOff[24372:70b] Unlimited access to network resources
2014-09-22 14:21:45.595 GettingOff[24372:70b] 

Started backup to iCloud! Please be careful.
Your application might rejected by Apple if you store too much data.
For more information please read "iOS Data Storage Guidelines"
You could find it at the following address https://developer.apple.com/icloud/documentation/data-storage/ .

2014-09-22 14:21:45.636 GettingOff[24372:70b] Resetting plugins due to page load.
2014-09-22 14:21:45.797 GettingOff[24372:70b] Finished load of: file:///Users/chrispalmer/Library/Application%20Support/iPhone%20Simulator/7.1/Applications/68DB9E7F-4FA1-452D-8BFF-EA7B836CBAAD/GettingOff.app/www/index.html
2014-09-22 14:34:10.256 GettingOff[24909:70b] Multi-tasking -> Device: YES, App: YES
2014-09-22 14:34:10.261 GettingOff[24909:70b] Unlimited access to network resources
2014-09-22 14:34:10.263 GettingOff[24909:70b] 

Started backup to iCloud! Please be careful.
Your application might rejected by Apple if you store too much data.
For more information please read "iOS Data Storage Guidelines"
You could find it at the following address https://developer.apple.com/icloud/documentation/data-storage/ .

2014-09-22 14:34:10.368 GettingOff[24909:70b] Resetting plugins due to page load.
2014-09-22 14:34:10.527 GettingOff[24909:70b] Finished load of: file:///Users/chrispalmer/Library/Application%20Support/iPhone%20Simulator/7.1/Applications/68DB9E7F-4FA1-452D-8BFF-EA7B836CBAAD/GettingOff.app/www/index.html
2014-09-22 14:41:17.476 GettingOff[25307:70b] Multi-tasking -> Device: YES, App: YES
2014-09-22 14:41:17.484 GettingOff[25307:70b] Unlimited access to network resources
2014-09-22 14:41:17.486 GettingOff[25307:70b] 

Started backup to iCloud! Please be careful.
Your application might rejected by Apple if you store too much data.
For more information please read "iOS Data Storage Guidelines"
You could find it at the following address https://developer.apple.com/icloud/documentation/data-storage/ .

2014-09-22 14:41:17.554 GettingOff[25307:70b] Resetting plugins due to page load.
2014-09-22 14:41:17.725 GettingOff[25307:70b] Finished load of: file:///Users/chrispalmer/Library/Application%20Support/iPhone%20Simulator/7.1/Applications/68DB9E7F-4FA1-452D-8BFF-EA7B836CBAAD/GettingOff.app/www/index.html
2014-09-22 15:07:55.532 GettingOff[26215:70b] Multi-tasking -> Device: YES, App: YES
2014-09-22 15:07:55.546 GettingOff[26215:70b] Unlimited access to network resources
2014-09-22 15:07:55.549 GettingOff[26215:70b] 

Started backup to iCloud! Please be careful.
Your application might rejected by Apple if you store too much data.
For more information please read "iOS Data Storage Guidelines"
You could find it at the following address https://developer.apple.com/icloud/documentation/data-storage/ .

2014-09-22 15:07:55.645 GettingOff[26215:70b] Resetting plugins due to page load.
2014-09-22 15:07:55.796 GettingOff[26215:70b] Finished load of: file:///Users/chrispalmer/Library/Application%20Support/iPhone%20Simulator/7.1/Applications/68DB9E7F-4FA1-452D-8BFF-EA7B836CBAAD/GettingOff.app/www/index.html
2014-09-22 15:14:48.456 GettingOff[26635:70b] Multi-tasking -> Device: YES, App: YES
2014-09-22 15:14:48.463 GettingOff[26635:70b] Unlimited access to network resources
2014-09-22 15:14:48.465 GettingOff[26635:70b] 

Started backup to iCloud! Please be careful.
Your application might rejected by Apple if you store too much data.
For more information please read "iOS Data Storage Guidelines"
You could find it at the following address https://developer.apple.com/icloud/documentation/data-storage/ .

2014-09-22 15:14:48.528 GettingOff[26635:70b] Resetting plugins due to page load.
2014-09-22 15:15:39.864 GettingOff[26840:70b] Multi-tasking -> Device: YES, App: YES
2014-09-22 15:15:39.869 GettingOff[26840:70b] Unlimited access to network resources
2014-09-22 15:15:39.871 GettingOff[26840:70b] 

Started backup to iCloud! Please be careful.
Your application might rejected by Apple if you store too much data.
For more information please read "iOS Data Storage Guidelines"
You could find it at the following address https://developer.apple.com/icloud/documentation/data-storage/ .

2014-09-22 15:15:39.909 GettingOff[26840:70b] Resetting plugins due to page load.
2014-09-22 15:15:40.048 GettingOff[26840:70b] Finished load of: file:///Users/chrispalmer/Library/Application%20Support/iPhone%20Simulator/7.1/Applications/68DB9E7F-4FA1-452D-8BFF-EA7B836CBAAD/GettingOff.app/www/index.html
